# JRE version: OpenJDK Runtime Environment (8.0_362-b08) (build 1.8.0_362-b08)
# Java VM: OpenJDK 64-Bit Server VM (25.362-b08 mixed mode windows-amd64 compressed oops)
Heap:
 PSYoungGen      total 110592K, used 67684K [0x000000076c100000, 0x0000000777080000, 0x00000007c0000000)
  eden space 99840K, 67% used [0x000000076c100000,0x0000000770319260,0x0000000772280000)
  from space 10752K, 0% used [0x0000000772280000,0x0000000772280000,0x0000000772d00000)
  to   space 10240K, 0% used [0x0000000776680000,0x0000000776680000,0x0000000777080000)
 ParOldGen       total 148480K, used 12347K [0x00000006c4200000, 0x00000006cd300000, 0x000000076c100000)
  object space 148480K, 8% used [0x00000006c4200000,0x00000006c4e0ec48,0x00000006cd300000)
 Metaspace       used 39659K, capacity 42264K, committed 42496K, reserved 1085440K
  class space    used 5092K, capacity 5556K, committed 5632K, reserved 1048576K
GC Heap History (10 events):
Event: 1.530 GC heap before
{Heap before GC invocations=3 (full 1):
 PSYoungGen      total 75264K, used 8483K [0x000000076c100000, 0x0000000775400000, 0x00000007c0000000)
  eden space 64512K, 0% used [0x000000076c100000,0x000000076c100000,0x0000000770000000)
  from space 10752K, 78% used [0x0000000770a80000,0x00000007712c8eb0,0x0000000771500000)
  to   space 10752K, 0% used [0x0000000770000000,0x0000000770000000,0x0000000770a80000)
 ParOldGen       total 172032K, used 24K [0x00000006c4200000, 0x00000006cea00000, 0x000000076c100000)
  object space 172032K, 0% used [0x00000006c4200000,0x00000006c4206000,0x00000006cea00000)
 Metaspace       used 20430K, capacity 21162K, committed 21296K, reserved 1069056K
  class space    used 2514K, capacity 2665K, committed 2688K, reserved 1048576K
Event: 1.547 GC heap after
Heap after GC invocations=3 (full 1):
 PSYoungGen      total 75264K, used 0K [0x000000076c100000, 0x0000000775400000, 0x00000007c0000000)
  eden space 64512K, 0% used [0x000000076c100000,0x000000076c100000,0x0000000770000000)
  from space 10752K, 0% used [0x0000000770a80000,0x0000000770a80000,0x0000000771500000)
  to   space 10752K, 0% used [0x0000000770000000,0x0000000770000000,0x0000000770a80000)
 ParOldGen       total 98304K, used 8117K [0x00000006c4200000, 0x00000006ca200000, 0x000000076c100000)
  object space 98304K, 8% used [0x00000006c4200000,0x00000006c49ed480,0x00000006ca200000)
 Metaspace       used 20430K, capacity 21162K, committed 21296K, reserved 1069056K
  class space    used 2514K, capacity 2665K, committed 2688K, reserved 1048576K
}
Event: 2.106 GC heap before
{Heap before GC invocations=4 (full 1):
 PSYoungGen      total 75264K, used 64512K [0x000000076c100000, 0x0000000775400000, 0x00000007c0000000)
  eden space 64512K, 100% used [0x000000076c100000,0x0000000770000000,0x0000000770000000)
  from space 10752K, 0% used [0x0000000770a80000,0x0000000770a80000,0x0000000771500000)
  to   space 10752K, 0% used [0x0000000770000000,0x0000000770000000,0x0000000770a80000)
 ParOldGen       total 98304K, used 8117K [0x00000006c4200000, 0x00000006ca200000, 0x000000076c100000)
  object space 98304K, 8% used [0x00000006c4200000,0x00000006c49ed480,0x00000006ca200000)
 Metaspace       used 25584K, capacity 26814K, committed 27136K, reserved 1073152K
  class space    used 3219K, capacity 3497K, committed 3584K, reserved 1048576K
Event: 2.109 GC heap after
Heap after GC invocations=4 (full 1):
 PSYoungGen      total 75264K, used 7573K [0x000000076c100000, 0x0000000773780000, 0x00000007c0000000)
  eden space 64512K, 0% used [0x000000076c100000,0x000000076c100000,0x0000000770000000)
  from space 10752K, 70% used [0x0000000770000000,0x0000000770765638,0x0000000770a80000)
  to   space 10752K, 0% used [0x0000000772d00000,0x0000000772d00000,0x0000000773780000)
 ParOldGen       total 98304K, used 8125K [0x00000006c4200000, 0x00000006ca200000, 0x000000076c100000)
  object space 98304K, 8% used [0x00000006c4200000,0x00000006c49ef480,0x00000006ca200000)
 Metaspace       used 25584K, capacity 26814K, committed 27136K, reserved 1073152K
  class space    used 3219K, capacity 3497K, committed 3584K, reserved 1048576K
}
Event: 2.693 GC heap before
{Heap before GC invocations=5 (full 1):
 PSYoungGen      total 75264K, used 72085K [0x000000076c100000, 0x0000000773780000, 0x00000007c0000000)
  eden space 64512K, 100% used [0x000000076c100000,0x0000000770000000,0x0000000770000000)
  from space 10752K, 70% used [0x0000000770000000,0x0000000770765638,0x0000000770a80000)
  to   space 10752K, 0% used [0x0000000772d00000,0x0000000772d00000,0x0000000773780000)
 ParOldGen       total 98304K, used 8125K [0x00000006c4200000, 0x00000006ca200000, 0x000000076c100000)
  object space 98304K, 8% used [0x00000006c4200000,0x00000006c49ef480,0x00000006ca200000)
 Metaspace       used 31419K, capacity 33348K, committed 33536K, reserved 1079296K
  class space    used 3988K, capacity 4350K, committed 4352K, reserved 1048576K
Event: 2.701 GC heap after
Heap after GC invocations=5 (full 1):
 PSYoungGen      total 110592K, used 10054K [0x000000076c100000, 0x0000000773780000, 0x00000007c0000000)
  eden space 99840K, 0% used [0x000000076c100000,0x000000076c100000,0x0000000772280000)
  from space 10752K, 93% used [0x0000000772d00000,0x00000007736d1bf0,0x0000000773780000)
  to   space 10752K, 0% used [0x0000000772280000,0x0000000772280000,0x0000000772d00000)
 ParOldGen       total 98304K, used 8133K [0x00000006c4200000, 0x00000006ca200000, 0x000000076c100000)
  object space 98304K, 8% used [0x00000006c4200000,0x00000006c49f1480,0x00000006ca200000)
 Metaspace       used 31419K, capacity 33348K, committed 33536K, reserved 1079296K
  class space    used 3988K, capacity 4350K, committed 4352K, reserved 1048576K
}
Event: 2.894 GC heap before
{Heap before GC invocations=6 (full 1):
 PSYoungGen      total 110592K, used 35688K [0x000000076c100000, 0x0000000773780000, 0x00000007c0000000)
  eden space 99840K, 25% used [0x000000076c100000,0x000000076da08538,0x0000000772280000)
  from space 10752K, 93% used [0x0000000772d00000,0x00000007736d1bf0,0x0000000773780000)
  to   space 10752K, 0% used [0x0000000772280000,0x0000000772280000,0x0000000772d00000)
 ParOldGen       total 98304K, used 8133K [0x00000006c4200000, 0x00000006ca200000, 0x000000076c100000)
  object space 98304K, 8% used [0x00000006c4200000,0x00000006c49f1480,0x00000006ca200000)
 Metaspace       used 33278K, capacity 35302K, committed 35456K, reserved 1079296K
  class space    used 4245K, capacity 4641K, committed 4736K, reserved 1048576K
Event: 2.899 GC heap after
Heap after GC invocations=6 (full 1):
 PSYoungGen      total 110592K, used 7728K [0x000000076c100000, 0x0000000777080000, 0x00000007c0000000)
  eden space 99840K, 0% used [0x000000076c100000,0x000000076c100000,0x0000000772280000)
  from space 10752K, 71% used [0x0000000772280000,0x0000000772a0c348,0x0000000772d00000)
  to   space 10240K, 0% used [0x0000000776680000,0x0000000776680000,0x0000000777080000)
 ParOldGen       total 98304K, used 8141K [0x00000006c4200000, 0x00000006ca200000, 0x000000076c100000)
  object space 98304K, 8% used [0x00000006c4200000,0x00000006c49f3480,0x00000006ca200000)
 Metaspace       used 33278K, capacity 35302K, committed 35456K, reserved 1079296K
  class space    used 4245K, capacity 4641K, committed 4736K, reserved 1048576K
}
Event: 2.899 GC heap before
{Heap before GC invocations=7 (full 2):
 PSYoungGen      total 110592K, used 7728K [0x000000076c100000, 0x0000000777080000, 0x00000007c0000000)
  eden space 99840K, 0% used [0x000000076c100000,0x000000076c100000,0x0000000772280000)
  from space 10752K, 71% used [0x0000000772280000,0x0000000772a0c348,0x0000000772d00000)
  to   space 10240K, 0% used [0x0000000776680000,0x0000000776680000,0x0000000777080000)
 ParOldGen       total 98304K, used 8141K [0x00000006c4200000, 0x00000006ca200000, 0x000000076c100000)
  object space 98304K, 8% used [0x00000006c4200000,0x00000006c49f3480,0x00000006ca200000)
 Metaspace       used 33278K, capacity 35302K, committed 35456K, reserved 1079296K
  class space    used 4245K, capacity 4641K, committed 4736K, reserved 1048576K
Event: 2.928 GC heap after
Heap after GC invocations=7 (full 2):
 PSYoungGen      total 110592K, used 0K [0x000000076c100000, 0x0000000777080000, 0x00000007c0000000)
  eden space 99840K, 0% used [0x000000076c100000,0x000000076c100000,0x0000000772280000)
  from space 10752K, 0% used [0x0000000772280000,0x0000000772280000,0x0000000772d00000)
  to   space 10240K, 0% used [0x0000000776680000,0x0000000776680000,0x0000000777080000)
 ParOldGen       total 148480K, used 12347K [0x00000006c4200000, 0x00000006cd300000, 0x000000076c100000)
  object space 148480K, 8% used [0x00000006c4200000,0x00000006c4e0ec48,0x00000006cd300000)
 Metaspace       used 33278K, capacity 35302K, committed 35456K, reserved 1079296K
  class space    used 4245K, capacity 4641K, committed 4736K, reserved 1048576K
}

